<?xml version="1.0" encoding="UTF-8"?>
<!-- Generated by org.testng.reporters.JUnitXMLReporter -->
<testsuite ignored="3" hostname="DESKTOP-9E2308E" failures="0" tests="1" name="Default test" time="37.623" errors="0" timestamp="2026-09-03T10:59:03 IST">
  <testcase classname="tests.LoginPageFunctionality" name="loginWithNoData" time="9.607"/>
  <testcase classname="tests.LoginPageFunctionality" name="loginWithwrongPassword" time="0.0">
    <ignored/>
  </testcase> <!-- loginWithwrongPassword -->
  <testcase classname="tests.LoginPageFunctionality" name="loginWithValidCredential" time="0.0">
    <ignored/>
  </testcase> <!-- loginWithValidCredential -->
  <testcase classname="tests.LoginPageFunctionality" name="loginWithunregisteredemail" time="0.0">
    <ignored/>
  </testcase> <!-- loginWithunregisteredemail -->
</testsuite> <!-- Default test -->
