<?xml version="1.0" encoding="UTF-8"?>
<testng-results ignored="3" total="4" passed="1" failed="0" skipped="0">
  <reporter-output>
  </reporter-output>
  <suite started-at="2026-09-03T10:58:25 IST" name="Default suite" finished-at="2026-09-03T10:59:03 IST" duration-ms="37623">
    <groups>
    </groups>
    <test started-at="2026-09-03T10:58:25 IST" name="Default test" finished-at="2026-09-03T10:59:03 IST" duration-ms="37623">
      <class name="tests.LoginPageFunctionality">
        <test-method is-config="true" signature="beforeSuite()[pri:0, instance:tests.LoginPageFunctionality@192d43ce]" started-at="2026-09-03T10:58:05 IST" name="beforeSuite" finished-at="2026-09-03T10:58:25 IST" duration-ms="20000" status="PASS">
          <reporter-output>
          </reporter-output>
        </test-method> <!-- beforeSuite -->
        <test-method is-config="true" signature="setup()[pri:0, instance:tests.LoginPageFunctionality@192d43ce]" started-at="2026-09-03T10:58:25 IST" name="setup" finished-at="2026-09-03T10:58:52 IST" duration-ms="26742" status="PASS">
          <reporter-output>
          </reporter-output>
        </test-method> <!-- setup -->
        <test-method signature="loginWithNoData()[pri:0, instance:tests.LoginPageFunctionality@192d43ce]" started-at="2026-09-03T10:58:52 IST" name="loginWithNoData" finished-at="2026-09-03T10:59:01 IST" duration-ms="9607" status="PASS">
          <reporter-output>
          </reporter-output>
        </test-method> <!-- loginWithNoData -->
        <test-method is-config="true" signature="tearDown()[pri:0, instance:tests.LoginPageFunctionality@192d43ce]" started-at="2026-09-03T10:59:01 IST" name="tearDown" finished-at="2026-09-03T10:59:03 IST" duration-ms="1228" status="PASS">
          <reporter-output>
          </reporter-output>
        </test-method> <!-- tearDown -->
      </class> <!-- tests.LoginPageFunctionality -->
    </test> <!-- Default test -->
  </suite> <!-- Default suite -->
</testng-results>
