<?xml version="1.0" encoding="UTF-8"?>
<testng-results ignored="0" total="1" passed="1" failed="0" skipped="0">
  <reporter-output>
  </reporter-output>
  <suite started-at="2026-08-20T10:35:59 IST" name="Default suite" finished-at="2026-08-20T10:36:14 IST" duration-ms="14655">
    <groups>
    </groups>
    <test started-at="2026-08-20T10:35:59 IST" name="Default test" finished-at="2026-08-20T10:36:14 IST" duration-ms="14655">
      <class name="tests.FirstLaunchTest">
        <test-method is-config="true" signature="beforeSuite()[pri:0, instance:tests.FirstLaunchTest@20ce78ec]" started-at="2026-08-20T10:35:49 IST" name="beforeSuite" finished-at="2026-08-20T10:35:59 IST" duration-ms="10459" status="PASS">
          <reporter-output>
          </reporter-output>
        </test-method> <!-- beforeSuite -->
        <test-method is-config="true" signature="setup()[pri:0, instance:tests.FirstLaunchTest@20ce78ec]" started-at="2026-08-20T10:35:59 IST" name="setup" finished-at="2026-08-20T10:36:09 IST" duration-ms="9734" status="PASS">
          <reporter-output>
          </reporter-output>
        </test-method> <!-- setup -->
        <test-method signature="verifyApplicationLaunchTest()[pri:0, instance:tests.FirstLaunchTest@20ce78ec]" started-at="2026-08-20T10:36:09 IST" name="verifyApplicationLaunchTest" finished-at="2026-08-20T10:36:14 IST" duration-ms="4869" status="PASS">
          <reporter-output>
          </reporter-output>
        </test-method> <!-- verifyApplicationLaunchTest -->
      </class> <!-- tests.FirstLaunchTest -->
    </test> <!-- Default test -->
  </suite> <!-- Default suite -->
</testng-results>
