<?xml version="1.0" encoding="UTF-8"?>
<!-- Generated by org.testng.reporters.JUnitReportReporter -->
<testsuite hostname="DESKTOP-9E2308E" failures="0" tests="2" name="tests.LoginPageFunctionality" time="43.231" errors="0" timestamp="2026-09-02T13:20:45 IST" skipped="0">
  <testcase classname="tests.LoginPageFunctionality" name="loginWithwrongPassword" time="22.508"/>
  <testcase classname="tests.LoginPageFunctionality" name="loginWithValidCredential" time="20.723"/>
</testsuite> <!-- tests.LoginPageFunctionality -->
